<?xml version="1.0" encoding="UTF-8"?>
<testng-results ignored="0" total="1" passed="1" failed="0" skipped="0">
  <reporter-output>
  </reporter-output>
  <suite started-at="2023-02-09T17:24:32 IST" name="Default suite" finished-at="2023-02-09T17:24:56 IST" duration-ms="23532">
    <groups>
    </groups>
    <test started-at="2023-02-09T17:24:32 IST" name="Default test" finished-at="2023-02-09T17:24:56 IST" duration-ms="23532">
      <class name="org.example.Problem2_Test">
        <test-method is-config="true" signature="configureAppium()[pri:0, instance:org.example.Problem2_Test@6fd83fc1]" started-at="2023-02-09T17:24:32 IST" name="configureAppium" finished-at="2023-02-09T17:24:43 IST" duration-ms="10888" status="PASS">
          <reporter-output>
          </reporter-output>
        </test-method> <!-- configureAppium -->
        <test-method signature="testcase()[pri:0, instance:org.example.Problem2_Test@6fd83fc1]" started-at="2023-02-09T17:24:43 IST" name="testcase" finished-at="2023-02-09T17:24:54 IST" duration-ms="10860" status="PASS">
          <reporter-output>
          </reporter-output>
        </test-method> <!-- testcase -->
        <test-method is-config="true" signature="tearDown()[pri:0, instance:org.example.Problem2_Test@6fd83fc1]" started-at="2023-02-09T17:24:54 IST" name="tearDown" finished-at="2023-02-09T17:24:56 IST" duration-ms="1741" status="PASS">
          <reporter-output>
          </reporter-output>
        </test-method> <!-- tearDown -->
      </class> <!-- org.example.Problem2_Test -->
    </test> <!-- Default test -->
  </suite> <!-- Default suite -->
</testng-results>
